Hmm ... looks like a package
Converting parsed Rd's to LaTeX .
Creating pdf output from LaTeX ...
This is pdfTeX, Version 3.141592653-2.6-1.40.28 (TeX Live 2025) (preloaded format=pdflatex)
 restricted \write18 enabled.
entering extended mode
(./Rd2.tex
LaTeX2e <2025-11-01>
L3 programming layer <2025-12-29>

(c:/Users/davoudab/AppData/Roaming/TinyTeX/texmf-dist/tex/latex/base/book.cls
Document Class: book 2025/01/22 v1.4n Standard LaTeX document class
(c:/Users/davoudab/AppData/Roaming/TinyTeX/texmf-dist/tex/latex/base/bk10.clo)) (c:/Program Files/R/R-4.4.3/share/texmf/tex/latex/Rd.sty (c:/Users/davoudab/AppData/Roaming/TinyTeX/texmf-dist/tex/latex/base/ifthen.sty) (c:/Users/davoudab/AppData/Roaming/TinyTeX/texmf-dist/tex/generic/iftex/iftex.sty) (c:/Users/davoudab/AppData/Roaming/TinyTeX/texmf-dist/tex/latex/tools/longtable.sty) (c:/Users/davoudab/AppData/Roaming/TinyTeX/texmf-dist/tex/latex/tools/bm.sty) (c:/Users/davoudab/AppData/Roaming/TinyTeX/texmf-dist/tex/latex/base/alltt.sty) (c:/Users/davoudab/AppData/Roaming/TinyTeX/texmf-dist/tex/latex/tools/verbatim.sty) (c:/Users/davoudab/AppData/Roaming/TinyTeX/texmf-dist/tex/latex/url/url.sty) (c:/Users/davoudab/AppData/Roaming/TinyTeX/texmf-dist/tex/latex/base/textcomp.sty) (c:/Users/davoudab/AppData/Roaming/TinyTeX/texmf-dist/tex/latex/amsmath/amsmath.sty
For additional information on amsmath, use the `?' option.
(c:/Users/davoudab/AppData/Roaming/TinyTeX/texmf-dist/tex/latex/amsmath/amstext.sty (c:/Users/davoudab/AppData/Roaming/TinyTeX/texmf-dist/tex/latex/amsmath/amsgen.sty)) (c:/Users/davoudab/AppData/Roaming/TinyTeX/texmf-dist/tex/latex/amsmath/amsbsy.sty) (c:/Users/davoudab/AppData/Roaming/TinyTeX/texmf-dist/tex/latex/amsmath/amsopn.sty)) (c:/Users/davoudab/AppData/Roaming/TinyTeX/texmf-dist/tex/latex/amsfonts/amsfonts.sty) (c:/Users/davoudab/AppData/Roaming/TinyTeX/texmf-dist/tex/latex/amsfonts/amssymb.sty) (c:/Users/davoudab/AppData/Roaming/TinyTeX/texmf-dist/tex/latex/amsfonts/eucal.sty) (c:/Users/davoudab/AppData/Roaming/TinyTeX/texmf-dist/tex/latex/base/fontenc.sty) (c:/Users/davoudab/AppData/Roaming/TinyTeX/texmf-dist/tex/latex/psnfss/times.sty) (c:/Users/davoudab/AppData/Roaming/TinyTeX/texmf-dist/tex/latex/inconsolata/zi4.sty `inconsolata-zi4' v1.12, 2019/05/17 Text macros for Inconsolata (msharpe) (c:/Users/davoudab/AppData/Roaming/TinyTeX/texmf-dist/tex/latex/xkeyval/xkeyval.sty (c:/Users/davoudab/AppData/Roaming/TinyTeX/texmf-dist/tex/generic/xkeyval/xkeyval.tex (c:/Users/davoudab/AppData/Roaming/TinyTeX/texmf-dist/tex/generic/xkeyval/xkvutils.tex (c:/Users/davoudab/AppData/Roaming/TinyTeX/texmf-dist/tex/generic/xkeyval/keyval.tex))))) (c:/Users/davoudab/AppData/Roaming/TinyTeX/texmf-dist/tex/latex/graphics/color.sty (c:/Users/davoudab/AppData/Roaming/TinyTeX/texmf-dist/tex/latex/graphics-cfg/color.cfg) (c:/Users/davoudab/AppData/Roaming/TinyTeX/texmf-dist/tex/latex/graphics-def/pdftex.def) (c:/Users/davoudab/AppData/Roaming/TinyTeX/texmf-dist/tex/latex/graphics/mathcolor.ltx)) (c:/Users/davoudab/AppData/Roaming/TinyTeX/texmf-dist/tex/latex/hyperref/hyperref.sty (c:/Users/davoudab/AppData/Roaming/TinyTeX/texmf-dist/tex/latex/kvsetkeys/kvsetkeys.sty) (c:/Users/davoudab/AppData/Roaming/TinyTeX/texmf-dist/tex/generic/kvdefinekeys/kvdefinekeys.sty) (c:/Users/davoudab/AppData/Roaming/TinyTeX/texmf-dist/tex/generic/pdfescape/pdfescape.sty (c:/Users/davoudab/AppData/Roaming/TinyTeX/texmf-dist/tex/generic/ltxcmds/ltxcmds.sty) (c:/Users/davoudab/AppData/Roaming/TinyTeX/texmf-dist/tex/generic/pdftexcmds/pdftexcmds.sty (c:/Users/davoudab/AppData/Roaming/TinyTeX/texmf-dist/tex/generic/infwarerr/infwarerr.sty))) (c:/Users/davoudab/AppData/Roaming/TinyTeX/texmf-dist/tex/latex/hycolor/hycolor.sty) (c:/Users/davoudab/AppData/Roaming/TinyTeX/texmf-dist/tex/latex/hyperref/nameref.sty (c:/Users/davoudab/AppData/Roaming/TinyTeX/texmf-dist/tex/latex/refcount/refcount.sty) (c:/Users/davoudab/AppData/Roaming/TinyTeX/texmf-dist/tex/generic/gettitlestring/gettitlestring.sty (c:/Users/davoudab/AppData/Roaming/TinyTeX/texmf-dist/tex/latex/kvoptions/kvoptions.sty))) (c:/Users/davoudab/AppData/Roaming/TinyTeX/texmf-dist/tex/latex/etoolbox/etoolbox.sty) (c:/Users/davoudab/AppData/Roaming/TinyTeX/texmf-dist/tex/generic/stringenc/stringenc.sty) (c:/Users/davoudab/AppData/Roaming/TinyTeX/texmf-dist/tex/latex/hyperref/pd1enc.def) (c:/Users/davoudab/AppData/Roaming/TinyTeX/texmf-dist/tex/generic/intcalc/intcalc.sty) (c:/Users/davoudab/AppData/Roaming/TinyTeX/texmf-dist/tex/latex/hyperref/puenc.def) (c:/Users/davoudab/AppData/Roaming/TinyTeX/texmf-dist/tex/generic/bitset/bitset.sty (c:/Users/davoudab/AppData/Roaming/TinyTeX/texmf-dist/tex/generic/bigintcalc/bigintcalc.sty))) (c:/Users/davoudab/AppData/Roaming/TinyTeX/texmf-dist/tex/latex/hyperref/hpdftex.def (c:/Users/davoudab/AppData/Roaming/TinyTeX/texmf-dist/tex/latex/rerunfilecheck/rerunfilecheck.sty (c:/Users/davoudab/AppData/Roaming/TinyTeX/texmf-dist/tex/generic/uniquecounter/uniquecounter.sty)))) (c:/Users/davoudab/AppData/Roaming/TinyTeX/texmf-dist/tex/latex/base/makeidx.sty)
Writing index file Rd2.idx
(c:/Users/davoudab/AppData/Roaming/TinyTeX/texmf-dist/tex/latex/psnfss/t1ptm.fd) (c:/Users/davoudab/AppData/Roaming/TinyTeX/texmf-dist/tex/latex/l3backend/l3backend-pdftex.def)
No file Rd2.aux.
(c:/Users/davoudab/AppData/Roaming/TinyTeX/texmf-dist/tex/latex/inconsolata/t1zi4.fd) (c:/Users/davoudab/AppData/Roaming/TinyTeX/texmf-dist/tex/latex/amsfonts/umsa.fd) (c:/Users/davoudab/AppData/Roaming/TinyTeX/texmf-dist/tex/latex/amsfonts/umsb.fd)
No file Rd2.toc.
[1{c:/Users/davoudab/AppData/Roaming/TinyTeX/texmf-var/fonts/map/pdftex/updmap/pdftex.map}{c:/Users/davoudab/AppData/Roaming/TinyTeX/texmf-dist/fonts/enc/dvips/base/8r.enc}{c:/Users/davoudab/AppData/Roaming/TinyTeX/texmf-dist/fonts/enc/dvips/inconsolata/i4-t1-0.enc}] [2] [3] [4] [5]
Overfull \hbox (15.6481pt too wide) in paragraph at lines 322--324
[]\T1/ptm/m/n/10 Optional ini-tial local-scale vec-tor (length p). If []\T1/zi4/m/n/10 NULL[]\T1/ptm/m/n/10 , de-faults to []\T1/zi4/m/n/10 rep(1, ncol(mX))[]\T1/ptm/m/n/10 . 
[6] (c:/Users/davoudab/AppData/Roaming/TinyTeX/texmf-dist/tex/latex/psnfss/ts1ptm.fd) [7] [8] [9] [10] [11] [12]
Overfull \hbox (15.6481pt too wide) in paragraph at lines 752--754
[]\T1/ptm/m/n/10 Optional ini-tial local-scale vec-tor (length p). If []\T1/zi4/m/n/10 NULL[]\T1/ptm/m/n/10 , de-faults to []\T1/zi4/m/n/10 rep(1, ncol(mX))[]\T1/ptm/m/n/10 . 
[13]
Overfull \hbox (15.6481pt too wide) in paragraph at lines 841--843
[]\T1/ptm/m/n/10 Optional ini-tial local-scale vec-tor (length p). If []\T1/zi4/m/n/10 NULL[]\T1/ptm/m/n/10 , de-faults to []\T1/zi4/m/n/10 rep(1, ncol(mX))[]\T1/ptm/m/n/10 . 
[14]
No file Rd2.ind.
[15] (./Rd2.aux)

Package rerunfilecheck Warning: File `Rd2.out' has changed.
(rerunfilecheck)                Rerun to get outlines right
(rerunfilecheck)                or use package `bookmark'.

 )
(see the transcript file for additional information)<c:/Users/davoudab/AppData/Roaming/TinyTeX/texmf-dist/fonts/type1/public/inconsolata/Inconsolata-zi4r.pfb><c:/Users/davoudab/AppData/Roaming/TinyTeX/texmf-dist/fonts/type1/public/amsfonts/cm/cmmi10.pfb><c:/Users/davoudab/AppData/Roaming/TinyTeX/texmf-dist/fonts/type1/public/amsfonts/cm/cmr10.pfb><c:/Users/davoudab/AppData/Roaming/TinyTeX/texmf-dist/fonts/type1/public/amsfonts/cm/cmr7.pfb><c:/Users/davoudab/AppData/Roaming/TinyTeX/texmf-dist/fonts/type1/public/amsfonts/cm/cmsy10.pfb><c:/Users/davoudab/AppData/Roaming/TinyTeX/texmf-dist/fonts/type1/urw/times/utmb8a.pfb><c:/Users/davoudab/AppData/Roaming/TinyTeX/texmf-dist/fonts/type1/urw/times/utmr8a.pfb><c:/Users/davoudab/AppData/Roaming/TinyTeX/texmf-dist/fonts/type1/urw/times/utmr8a.pfb><c:/Users/davoudab/AppData/Roaming/TinyTeX/texmf-dist/fonts/type1/urw/times/utmri8a.pfb>
Output written on Rd2.pdf (15 pages, 136520 bytes).
Transcript written on Rd2.log.
This is makeindex, version 2.17 [TeX Live 2025] (kpathsea + Thai support).
Scanning input file Rd2.idx....done (12 entries accepted, 0 rejected).
Sorting entries....done (38 comparisons).
Generating output file Rd2.ind....done (26 lines written, 0 warnings).
Output written in Rd2.ind.
Transcript written in Rd2.ilg.
This is pdfTeX, Version 3.141592653-2.6-1.40.28 (TeX Live 2025) (preloaded format=pdflatex)
 restricted \write18 enabled.
entering extended mode
(./Rd2.tex
LaTeX2e <2025-11-01>
L3 programming layer <2025-12-29>

(c:/Users/davoudab/AppData/Roaming/TinyTeX/texmf-dist/tex/latex/base/book.cls
Document Class: book 2025/01/22 v1.4n Standard LaTeX document class
(c:/Users/davoudab/AppData/Roaming/TinyTeX/texmf-dist/tex/latex/base/bk10.clo)) (c:/Program Files/R/R-4.4.3/share/texmf/tex/latex/Rd.sty (c:/Users/davoudab/AppData/Roaming/TinyTeX/texmf-dist/tex/latex/base/ifthen.sty) (c:/Users/davoudab/AppData/Roaming/TinyTeX/texmf-dist/tex/generic/iftex/iftex.sty) (c:/Users/davoudab/AppData/Roaming/TinyTeX/texmf-dist/tex/latex/tools/longtable.sty) (c:/Users/davoudab/AppData/Roaming/TinyTeX/texmf-dist/tex/latex/tools/bm.sty) (c:/Users/davoudab/AppData/Roaming/TinyTeX/texmf-dist/tex/latex/base/alltt.sty) (c:/Users/davoudab/AppData/Roaming/TinyTeX/texmf-dist/tex/latex/tools/verbatim.sty) (c:/Users/davoudab/AppData/Roaming/TinyTeX/texmf-dist/tex/latex/url/url.sty) (c:/Users/davoudab/AppData/Roaming/TinyTeX/texmf-dist/tex/latex/base/textcomp.sty) (c:/Users/davoudab/AppData/Roaming/TinyTeX/texmf-dist/tex/latex/amsmath/amsmath.sty
For additional information on amsmath, use the `?' option.
(c:/Users/davoudab/AppData/Roaming/TinyTeX/texmf-dist/tex/latex/amsmath/amstext.sty (c:/Users/davoudab/AppData/Roaming/TinyTeX/texmf-dist/tex/latex/amsmath/amsgen.sty)) (c:/Users/davoudab/AppData/Roaming/TinyTeX/texmf-dist/tex/latex/amsmath/amsbsy.sty) (c:/Users/davoudab/AppData/Roaming/TinyTeX/texmf-dist/tex/latex/amsmath/amsopn.sty)) (c:/Users/davoudab/AppData/Roaming/TinyTeX/texmf-dist/tex/latex/amsfonts/amsfonts.sty) (c:/Users/davoudab/AppData/Roaming/TinyTeX/texmf-dist/tex/latex/amsfonts/amssymb.sty) (c:/Users/davoudab/AppData/Roaming/TinyTeX/texmf-dist/tex/latex/amsfonts/eucal.sty) (c:/Users/davoudab/AppData/Roaming/TinyTeX/texmf-dist/tex/latex/base/fontenc.sty) (c:/Users/davoudab/AppData/Roaming/TinyTeX/texmf-dist/tex/latex/psnfss/times.sty) (c:/Users/davoudab/AppData/Roaming/TinyTeX/texmf-dist/tex/latex/inconsolata/zi4.sty `inconsolata-zi4' v1.12, 2019/05/17 Text macros for Inconsolata (msharpe) (c:/Users/davoudab/AppData/Roaming/TinyTeX/texmf-dist/tex/latex/xkeyval/xkeyval.sty (c:/Users/davoudab/AppData/Roaming/TinyTeX/texmf-dist/tex/generic/xkeyval/xkeyval.tex (c:/Users/davoudab/AppData/Roaming/TinyTeX/texmf-dist/tex/generic/xkeyval/xkvutils.tex (c:/Users/davoudab/AppData/Roaming/TinyTeX/texmf-dist/tex/generic/xkeyval/keyval.tex))))) (c:/Users/davoudab/AppData/Roaming/TinyTeX/texmf-dist/tex/latex/graphics/color.sty (c:/Users/davoudab/AppData/Roaming/TinyTeX/texmf-dist/tex/latex/graphics-cfg/color.cfg) (c:/Users/davoudab/AppData/Roaming/TinyTeX/texmf-dist/tex/latex/graphics-def/pdftex.def) (c:/Users/davoudab/AppData/Roaming/TinyTeX/texmf-dist/tex/latex/graphics/mathcolor.ltx)) (c:/Users/davoudab/AppData/Roaming/TinyTeX/texmf-dist/tex/latex/hyperref/hyperref.sty (c:/Users/davoudab/AppData/Roaming/TinyTeX/texmf-dist/tex/latex/kvsetkeys/kvsetkeys.sty) (c:/Users/davoudab/AppData/Roaming/TinyTeX/texmf-dist/tex/generic/kvdefinekeys/kvdefinekeys.sty) (c:/Users/davoudab/AppData/Roaming/TinyTeX/texmf-dist/tex/generic/pdfescape/pdfescape.sty (c:/Users/davoudab/AppData/Roaming/TinyTeX/texmf-dist/tex/generic/ltxcmds/ltxcmds.sty) (c:/Users/davoudab/AppData/Roaming/TinyTeX/texmf-dist/tex/generic/pdftexcmds/pdftexcmds.sty (c:/Users/davoudab/AppData/Roaming/TinyTeX/texmf-dist/tex/generic/infwarerr/infwarerr.sty))) (c:/Users/davoudab/AppData/Roaming/TinyTeX/texmf-dist/tex/latex/hycolor/hycolor.sty) (c:/Users/davoudab/AppData/Roaming/TinyTeX/texmf-dist/tex/latex/hyperref/nameref.sty (c:/Users/davoudab/AppData/Roaming/TinyTeX/texmf-dist/tex/latex/refcount/refcount.sty) (c:/Users/davoudab/AppData/Roaming/TinyTeX/texmf-dist/tex/generic/gettitlestring/gettitlestring.sty (c:/Users/davoudab/AppData/Roaming/TinyTeX/texmf-dist/tex/latex/kvoptions/kvoptions.sty))) (c:/Users/davoudab/AppData/Roaming/TinyTeX/texmf-dist/tex/latex/etoolbox/etoolbox.sty) (c:/Users/davoudab/AppData/Roaming/TinyTeX/texmf-dist/tex/generic/stringenc/stringenc.sty) (c:/Users/davoudab/AppData/Roaming/TinyTeX/texmf-dist/tex/latex/hyperref/pd1enc.def) (c:/Users/davoudab/AppData/Roaming/TinyTeX/texmf-dist/tex/generic/intcalc/intcalc.sty) (c:/Users/davoudab/AppData/Roaming/TinyTeX/texmf-dist/tex/latex/hyperref/puenc.def) (c:/Users/davoudab/AppData/Roaming/TinyTeX/texmf-dist/tex/generic/bitset/bitset.sty (c:/Users/davoudab/AppData/Roaming/TinyTeX/texmf-dist/tex/generic/bigintcalc/bigintcalc.sty))) (c:/Users/davoudab/AppData/Roaming/TinyTeX/texmf-dist/tex/latex/hyperref/hpdftex.def (c:/Users/davoudab/AppData/Roaming/TinyTeX/texmf-dist/tex/latex/rerunfilecheck/rerunfilecheck.sty (c:/Users/davoudab/AppData/Roaming/TinyTeX/texmf-dist/tex/generic/uniquecounter/uniquecounter.sty)))) (c:/Users/davoudab/AppData/Roaming/TinyTeX/texmf-dist/tex/latex/base/makeidx.sty)
Writing index file Rd2.idx
(c:/Users/davoudab/AppData/Roaming/TinyTeX/texmf-dist/tex/latex/psnfss/t1ptm.fd) (c:/Users/davoudab/AppData/Roaming/TinyTeX/texmf-dist/tex/latex/l3backend/l3backend-pdftex.def) (./Rd2.aux) (./Rd2.out) (./Rd2.out) (c:/Users/davoudab/AppData/Roaming/TinyTeX/texmf-dist/tex/latex/inconsolata/t1zi4.fd) (c:/Users/davoudab/AppData/Roaming/TinyTeX/texmf-dist/tex/latex/amsfonts/umsa.fd) (c:/Users/davoudab/AppData/Roaming/TinyTeX/texmf-dist/tex/latex/amsfonts/umsb.fd) (./Rd2.toc [1{c:/Users/davoudab/AppData/Roaming/TinyTeX/texmf-var/fonts/map/pdftex/updmap/pdftex.map}{c:/Users/davoudab/AppData/Roaming/TinyTeX/texmf-dist/fonts/enc/dvips/base/8r.enc}{c:/Users/davoudab/AppData/Roaming/TinyTeX/texmf-dist/fonts/enc/dvips/inconsolata/i4-t1-0.enc}]) [2] [3] [4] [5]
Overfull \hbox (15.6481pt too wide) in paragraph at lines 322--324
[]\T1/ptm/m/n/10 Optional ini-tial local-scale vec-tor (length p). If []\T1/zi4/m/n/10 NULL[]\T1/ptm/m/n/10 , de-faults to []\T1/zi4/m/n/10 rep(1, ncol(mX))[]\T1/ptm/m/n/10 . 
[6] (c:/Users/davoudab/AppData/Roaming/TinyTeX/texmf-dist/tex/latex/psnfss/ts1ptm.fd) [7] [8] [9] [10] [11] [12] [13]
Overfull \hbox (15.6481pt too wide) in paragraph at lines 752--754
[]\T1/ptm/m/n/10 Optional ini-tial local-scale vec-tor (length p). If []\T1/zi4/m/n/10 NULL[]\T1/ptm/m/n/10 , de-faults to []\T1/zi4/m/n/10 rep(1, ncol(mX))[]\T1/ptm/m/n/10 . 
[14]
Overfull \hbox (15.6481pt too wide) in paragraph at lines 841--843
[]\T1/ptm/m/n/10 Optional ini-tial local-scale vec-tor (length p). If []\T1/zi4/m/n/10 NULL[]\T1/ptm/m/n/10 , de-faults to []\T1/zi4/m/n/10 rep(1, ncol(mX))[]\T1/ptm/m/n/10 . 
[15] (./Rd2.ind [16]

LaTeX Font Warning: Font shape `T1/zi4/m/it' undefined
(Font)              using `T1/zi4/m/n' instead on input line 11.

[17]) (./Rd2.aux)

LaTeX Font Warning: Some font shapes were not available, defaults substituted.


Package rerunfilecheck Warning: File `Rd2.out' has changed.
(rerunfilecheck)                Rerun to get outlines right
(rerunfilecheck)                or use package `bookmark'.

 )
(see the transcript file for additional information)<c:/Users/davoudab/AppData/Roaming/TinyTeX/texmf-dist/fonts/type1/public/inconsolata/Inconsolata-zi4r.pfb><c:/Users/davoudab/AppData/Roaming/TinyTeX/texmf-dist/fonts/type1/public/amsfonts/cm/cmmi10.pfb><c:/Users/davoudab/AppData/Roaming/TinyTeX/texmf-dist/fonts/type1/public/amsfonts/cm/cmr10.pfb><c:/Users/davoudab/AppData/Roaming/TinyTeX/texmf-dist/fonts/type1/public/amsfonts/cm/cmr7.pfb><c:/Users/davoudab/AppData/Roaming/TinyTeX/texmf-dist/fonts/type1/public/amsfonts/cm/cmsy10.pfb><c:/Users/davoudab/AppData/Roaming/TinyTeX/texmf-dist/fonts/type1/urw/times/utmb8a.pfb><c:/Users/davoudab/AppData/Roaming/TinyTeX/texmf-dist/fonts/type1/urw/times/utmr8a.pfb><c:/Users/davoudab/AppData/Roaming/TinyTeX/texmf-dist/fonts/type1/urw/times/utmr8a.pfb><c:/Users/davoudab/AppData/Roaming/TinyTeX/texmf-dist/fonts/type1/urw/times/utmri8a.pfb>
Output written on Rd2.pdf (17 pages, 139828 bytes).
Transcript written on Rd2.log.
This is makeindex, version 2.17 [TeX Live 2025] (kpathsea + Thai support).
Scanning input file Rd2.idx....done (12 entries accepted, 0 rejected).
Sorting entries....done (38 comparisons).
Generating output file Rd2.ind....done (26 lines written, 0 warnings).
Output written in Rd2.ind.
Transcript written in Rd2.ilg.
This is pdfTeX, Version 3.141592653-2.6-1.40.28 (TeX Live 2025) (preloaded format=pdflatex)
 restricted \write18 enabled.
entering extended mode
(./Rd2.tex
LaTeX2e <2025-11-01>
L3 programming layer <2025-12-29>

(c:/Users/davoudab/AppData/Roaming/TinyTeX/texmf-dist/tex/latex/base/book.cls
Document Class: book 2025/01/22 v1.4n Standard LaTeX document class
(c:/Users/davoudab/AppData/Roaming/TinyTeX/texmf-dist/tex/latex/base/bk10.clo)) (c:/Program Files/R/R-4.4.3/share/texmf/tex/latex/Rd.sty (c:/Users/davoudab/AppData/Roaming/TinyTeX/texmf-dist/tex/latex/base/ifthen.sty) (c:/Users/davoudab/AppData/Roaming/TinyTeX/texmf-dist/tex/generic/iftex/iftex.sty) (c:/Users/davoudab/AppData/Roaming/TinyTeX/texmf-dist/tex/latex/tools/longtable.sty) (c:/Users/davoudab/AppData/Roaming/TinyTeX/texmf-dist/tex/latex/tools/bm.sty) (c:/Users/davoudab/AppData/Roaming/TinyTeX/texmf-dist/tex/latex/base/alltt.sty) (c:/Users/davoudab/AppData/Roaming/TinyTeX/texmf-dist/tex/latex/tools/verbatim.sty) (c:/Users/davoudab/AppData/Roaming/TinyTeX/texmf-dist/tex/latex/url/url.sty) (c:/Users/davoudab/AppData/Roaming/TinyTeX/texmf-dist/tex/latex/base/textcomp.sty) (c:/Users/davoudab/AppData/Roaming/TinyTeX/texmf-dist/tex/latex/amsmath/amsmath.sty
For additional information on amsmath, use the `?' option.
(c:/Users/davoudab/AppData/Roaming/TinyTeX/texmf-dist/tex/latex/amsmath/amstext.sty (c:/Users/davoudab/AppData/Roaming/TinyTeX/texmf-dist/tex/latex/amsmath/amsgen.sty)) (c:/Users/davoudab/AppData/Roaming/TinyTeX/texmf-dist/tex/latex/amsmath/amsbsy.sty) (c:/Users/davoudab/AppData/Roaming/TinyTeX/texmf-dist/tex/latex/amsmath/amsopn.sty)) (c:/Users/davoudab/AppData/Roaming/TinyTeX/texmf-dist/tex/latex/amsfonts/amsfonts.sty) (c:/Users/davoudab/AppData/Roaming/TinyTeX/texmf-dist/tex/latex/amsfonts/amssymb.sty) (c:/Users/davoudab/AppData/Roaming/TinyTeX/texmf-dist/tex/latex/amsfonts/eucal.sty) (c:/Users/davoudab/AppData/Roaming/TinyTeX/texmf-dist/tex/latex/base/fontenc.sty) (c:/Users/davoudab/AppData/Roaming/TinyTeX/texmf-dist/tex/latex/psnfss/times.sty) (c:/Users/davoudab/AppData/Roaming/TinyTeX/texmf-dist/tex/latex/inconsolata/zi4.sty `inconsolata-zi4' v1.12, 2019/05/17 Text macros for Inconsolata (msharpe) (c:/Users/davoudab/AppData/Roaming/TinyTeX/texmf-dist/tex/latex/xkeyval/xkeyval.sty (c:/Users/davoudab/AppData/Roaming/TinyTeX/texmf-dist/tex/generic/xkeyval/xkeyval.tex (c:/Users/davoudab/AppData/Roaming/TinyTeX/texmf-dist/tex/generic/xkeyval/xkvutils.tex (c:/Users/davoudab/AppData/Roaming/TinyTeX/texmf-dist/tex/generic/xkeyval/keyval.tex))))) (c:/Users/davoudab/AppData/Roaming/TinyTeX/texmf-dist/tex/latex/graphics/color.sty (c:/Users/davoudab/AppData/Roaming/TinyTeX/texmf-dist/tex/latex/graphics-cfg/color.cfg) (c:/Users/davoudab/AppData/Roaming/TinyTeX/texmf-dist/tex/latex/graphics-def/pdftex.def) (c:/Users/davoudab/AppData/Roaming/TinyTeX/texmf-dist/tex/latex/graphics/mathcolor.ltx)) (c:/Users/davoudab/AppData/Roaming/TinyTeX/texmf-dist/tex/latex/hyperref/hyperref.sty (c:/Users/davoudab/AppData/Roaming/TinyTeX/texmf-dist/tex/latex/kvsetkeys/kvsetkeys.sty) (c:/Users/davoudab/AppData/Roaming/TinyTeX/texmf-dist/tex/generic/kvdefinekeys/kvdefinekeys.sty) (c:/Users/davoudab/AppData/Roaming/TinyTeX/texmf-dist/tex/generic/pdfescape/pdfescape.sty (c:/Users/davoudab/AppData/Roaming/TinyTeX/texmf-dist/tex/generic/ltxcmds/ltxcmds.sty) (c:/Users/davoudab/AppData/Roaming/TinyTeX/texmf-dist/tex/generic/pdftexcmds/pdftexcmds.sty (c:/Users/davoudab/AppData/Roaming/TinyTeX/texmf-dist/tex/generic/infwarerr/infwarerr.sty))) (c:/Users/davoudab/AppData/Roaming/TinyTeX/texmf-dist/tex/latex/hycolor/hycolor.sty) (c:/Users/davoudab/AppData/Roaming/TinyTeX/texmf-dist/tex/latex/hyperref/nameref.sty (c:/Users/davoudab/AppData/Roaming/TinyTeX/texmf-dist/tex/latex/refcount/refcount.sty) (c:/Users/davoudab/AppData/Roaming/TinyTeX/texmf-dist/tex/generic/gettitlestring/gettitlestring.sty (c:/Users/davoudab/AppData/Roaming/TinyTeX/texmf-dist/tex/latex/kvoptions/kvoptions.sty))) (c:/Users/davoudab/AppData/Roaming/TinyTeX/texmf-dist/tex/latex/etoolbox/etoolbox.sty) (c:/Users/davoudab/AppData/Roaming/TinyTeX/texmf-dist/tex/generic/stringenc/stringenc.sty) (c:/Users/davoudab/AppData/Roaming/TinyTeX/texmf-dist/tex/latex/hyperref/pd1enc.def) (c:/Users/davoudab/AppData/Roaming/TinyTeX/texmf-dist/tex/generic/intcalc/intcalc.sty) (c:/Users/davoudab/AppData/Roaming/TinyTeX/texmf-dist/tex/latex/hyperref/puenc.def) (c:/Users/davoudab/AppData/Roaming/TinyTeX/texmf-dist/tex/generic/bitset/bitset.sty (c:/Users/davoudab/AppData/Roaming/TinyTeX/texmf-dist/tex/generic/bigintcalc/bigintcalc.sty))) (c:/Users/davoudab/AppData/Roaming/TinyTeX/texmf-dist/tex/latex/hyperref/hpdftex.def (c:/Users/davoudab/AppData/Roaming/TinyTeX/texmf-dist/tex/latex/rerunfilecheck/rerunfilecheck.sty (c:/Users/davoudab/AppData/Roaming/TinyTeX/texmf-dist/tex/generic/uniquecounter/uniquecounter.sty)))) (c:/Users/davoudab/AppData/Roaming/TinyTeX/texmf-dist/tex/latex/base/makeidx.sty)
Writing index file Rd2.idx
(c:/Users/davoudab/AppData/Roaming/TinyTeX/texmf-dist/tex/latex/psnfss/t1ptm.fd) (c:/Users/davoudab/AppData/Roaming/TinyTeX/texmf-dist/tex/latex/l3backend/l3backend-pdftex.def) (./Rd2.aux) (./Rd2.out) (./Rd2.out) (c:/Users/davoudab/AppData/Roaming/TinyTeX/texmf-dist/tex/latex/inconsolata/t1zi4.fd) (c:/Users/davoudab/AppData/Roaming/TinyTeX/texmf-dist/tex/latex/amsfonts/umsa.fd) (c:/Users/davoudab/AppData/Roaming/TinyTeX/texmf-dist/tex/latex/amsfonts/umsb.fd) (./Rd2.toc [1{c:/Users/davoudab/AppData/Roaming/TinyTeX/texmf-var/fonts/map/pdftex/updmap/pdftex.map}{c:/Users/davoudab/AppData/Roaming/TinyTeX/texmf-dist/fonts/enc/dvips/base/8r.enc}{c:/Users/davoudab/AppData/Roaming/TinyTeX/texmf-dist/fonts/enc/dvips/inconsolata/i4-t1-0.enc}]) [2] [3] [4] [5]
Overfull \hbox (15.6481pt too wide) in paragraph at lines 322--324
[]\T1/ptm/m/n/10 Optional ini-tial local-scale vec-tor (length p). If []\T1/zi4/m/n/10 NULL[]\T1/ptm/m/n/10 , de-faults to []\T1/zi4/m/n/10 rep(1, ncol(mX))[]\T1/ptm/m/n/10 . 
[6] (c:/Users/davoudab/AppData/Roaming/TinyTeX/texmf-dist/tex/latex/psnfss/ts1ptm.fd) [7] [8] [9] [10] [11] [12] [13]
Overfull \hbox (15.6481pt too wide) in paragraph at lines 752--754
[]\T1/ptm/m/n/10 Optional ini-tial local-scale vec-tor (length p). If []\T1/zi4/m/n/10 NULL[]\T1/ptm/m/n/10 , de-faults to []\T1/zi4/m/n/10 rep(1, ncol(mX))[]\T1/ptm/m/n/10 . 
[14]
Overfull \hbox (15.6481pt too wide) in paragraph at lines 841--843
[]\T1/ptm/m/n/10 Optional ini-tial local-scale vec-tor (length p). If []\T1/zi4/m/n/10 NULL[]\T1/ptm/m/n/10 , de-faults to []\T1/zi4/m/n/10 rep(1, ncol(mX))[]\T1/ptm/m/n/10 . 
[15] (./Rd2.ind [16]

LaTeX Font Warning: Font shape `T1/zi4/m/it' undefined
(Font)              using `T1/zi4/m/n' instead on input line 11.

[17]) (./Rd2.aux)

LaTeX Font Warning: Some font shapes were not available, defaults substituted.

 )
(see the transcript file for additional information)<c:/Users/davoudab/AppData/Roaming/TinyTeX/texmf-dist/fonts/type1/public/inconsolata/Inconsolata-zi4r.pfb><c:/Users/davoudab/AppData/Roaming/TinyTeX/texmf-dist/fonts/type1/public/amsfonts/cm/cmmi10.pfb><c:/Users/davoudab/AppData/Roaming/TinyTeX/texmf-dist/fonts/type1/public/amsfonts/cm/cmr10.pfb><c:/Users/davoudab/AppData/Roaming/TinyTeX/texmf-dist/fonts/type1/public/amsfonts/cm/cmr7.pfb><c:/Users/davoudab/AppData/Roaming/TinyTeX/texmf-dist/fonts/type1/public/amsfonts/cm/cmsy10.pfb><c:/Users/davoudab/AppData/Roaming/TinyTeX/texmf-dist/fonts/type1/urw/times/utmb8a.pfb><c:/Users/davoudab/AppData/Roaming/TinyTeX/texmf-dist/fonts/type1/urw/times/utmr8a.pfb><c:/Users/davoudab/AppData/Roaming/TinyTeX/texmf-dist/fonts/type1/urw/times/utmr8a.pfb><c:/Users/davoudab/AppData/Roaming/TinyTeX/texmf-dist/fonts/type1/urw/times/utmri8a.pfb>
Output written on Rd2.pdf (17 pages, 140058 bytes).
Transcript written on Rd2.log.
Saving output to 'LassoHiDFastGibbs-manual.pdf' ...
Done
You may want to clean up by 'rm -Rf C:/Users/davoudab/AppData/Local/Temp/RtmpuSlJTR/Rd2pdf56c02903b86'
